#
# There is insufficient memory for the Java Runtime Environment to continue.
# Native memory allocation (malloc) failed to allocate 32744 bytes for ChunkPool::allocate
# Possible reasons:
#   The system is out of physical RAM or swap space
#   In 32 bit mode, the process size limit was hit
# Possible solutions:
#   Reduce memory load on the system
#   Increase physical memory or swap space
#   Check if swap backing store is full
#   Use 64 bit Java on a 64 bit OS
#   Decrease Java heap size (-Xmx/-Xms)
#   Decrease number of Java threads
#   Decrease Java thread stack sizes (-Xss)
#   Set larger code cache with -XX:ReservedCodeCacheSize=
# This output file may be truncated or incomplete.
#
#  Out of Memory Error (allocation.cpp:273), pid=9064, tid=8160
#
# JRE version: Java(TM) SE Runtime Environment (8.0_60-b27) (build 1.8.0_60-b27)
# Java VM: Java HotSpot(TM) 64-Bit Server VM (25.60-b23 mixed mode windows-amd64 compressed oops)
# Failed to write core dump. Minidumps are not enabled by default on client versions of Windows
#

---------------  T H R E A D  ---------------

Current thread (0x0000000014d01800):  JavaThread "C2 CompilerThread1" daemon [_thread_in_native, id=8160, stack(0x0000000016460000,0x0000000016560000)]

Stack: [0x0000000016460000,0x0000000016560000]
[error occurred during error reporting (printing stack bounds), id 0xc0000005]

Native frames: (J=compiled Java code, j=interpreted, Vv=VM code, C=native code)


Current CompileTask:
C2:   1753 1462   !   4       java.net.URLClassLoader$1::run (63 bytes)


---------------  P R O C E S S  ---------------

Java Threads: ( => current thread )
  0x0000000017b66000 JavaThread "Stdin handler" [_thread_blocked, id=2912, stack(0x0000000019010000,0x0000000019110000)]
  0x0000000017b2b000 JavaThread "Daemon worker" [_thread_in_native, id=3832, stack(0x0000000018f10000,0x0000000019010000)]
  0x0000000017b35800 JavaThread "Cancel handler" [_thread_blocked, id=4724, stack(0x0000000018e10000,0x0000000018f10000)]
  0x000000001793e800 JavaThread "Handler for socket connection from /127.0.0.1:59463 to /127.0.0.1:59464" [_thread_in_native, id=9196, stack(0x0000000018d10000,0x0000000018e10000)]
  0x000000001793e000 JavaThread "Daemon" [_thread_blocked, id=4968, stack(0x0000000018c10000,0x0000000018d10000)]
  0x0000000017875800 JavaThread "Incoming local TCP Connector on port 59463" [_thread_in_native, id=5696, stack(0x0000000017460000,0x0000000017560000)]
  0x0000000016668800 JavaThread "Service Thread" daemon [_thread_blocked, id=5288, stack(0x0000000016a60000,0x0000000016b60000)]
  0x0000000014d5d800 JavaThread "C1 CompilerThread2" daemon [_thread_in_vm, id=9044, stack(0x0000000016560000,0x0000000016660000)]
=>0x0000000014d01800 JavaThread "C2 CompilerThread1" daemon [_thread_in_native, id=8160, stack(0x0000000016460000,0x0000000016560000)]
  0x0000000014cff000 JavaThread "C2 CompilerThread0" daemon [_thread_in_native, id=7520, stack(0x0000000016360000,0x0000000016460000)]
  0x0000000014cfe000 JavaThread "Attach Listener" daemon [_thread_blocked, id=4996, stack(0x0000000016260000,0x0000000016360000)]
  0x0000000014cfd000 JavaThread "Signal Dispatcher" daemon [_thread_blocked, id=224, stack(0x0000000016160000,0x0000000016260000)]
  0x0000000002628000 JavaThread "Finalizer" daemon [_thread_blocked, id=2552, stack(0x0000000015f60000,0x0000000016060000)]
  0x0000000014cc9000 JavaThread "Reference Handler" daemon [_thread_blocked, id=9324, stack(0x0000000015e60000,0x0000000015f60000)]
  0x000000000242e800 JavaThread "main" [_thread_blocked, id=8620, stack(0x0000000002430000,0x0000000002530000)]

Other Threads:
  0x0000000014cc7000 VMThread [stack: 0x0000000015d60000,0x0000000015e60000] [id=820]
  0x000000001666c800 WatcherThread [stack: 0x0000000016b60000,0x0000000016c60000] [id=1988]

VM state:not at safepoint (normal execution)

VM Mutex/Monitor currently owned by a thread: None

Heap:
 PSYoungGen      total 38400K, used 5557K [0x00000000eab00000, 0x00000000ef600000, 0x0000000100000000)
  eden space 33280K, 1% used [0x00000000eab00000,0x00000000eab754a0,0x00000000ecb80000)
  from space 5120K, 99% used [0x00000000ecb80000,0x00000000ed078020,0x00000000ed080000)
  to   space 5120K, 0% used [0x00000000ef100000,0x00000000ef100000,0x00000000ef600000)
 ParOldGen       total 87552K, used 5429K [0x00000000c0000000, 0x00000000c5580000, 0x00000000eab00000)
  object space 87552K, 6% used [0x00000000c0000000,0x00000000c054d528,0x00000000c5580000)
 Metaspace       used 18908K, capacity 19270K, committed 19584K, reserved 1067008K
  class space    used 2486K, capacity 2587K, committed 2688K, reserved 1048576K

Card table byte_map: [0x00000000119f0000,0x0000000011c00000] byte_map_base: 0x00000000113f0000

Marking Bits: (ParMarkBitMap*) 0x0000000064f3a5b0
 Begin Bits: [0x0000000012160000, 0x0000000013160000)
 End Bits:   [0x0000000013160000, 0x0000000014160000)

Polling page: 0x0000000002360000

CodeCache: size=245760Kb used=6373Kb max_used=6373Kb free=239386Kb
 bounds [0x0000000002630000, 0x0000000002c70000, 0x0000000011630000]
 total_blobs=2219 nmethods=1603 adapters=528
 compilation: enabled

Compilation events (10 events):
Event: 1.724 Thread 0x0000000014d5d800 1611  s!   3       java.beans.PropertyDescriptor::getWriteMethod (165 bytes)
Event: 1.725 Thread 0x0000000014d5d800 nmethod 1611 0x0000000002c67b50 code [0x0000000002c67e80, 0x0000000002c69d78]
Event: 1.725 Thread 0x0000000014d5d800 1615       3       org.codehaus.groovy.util.ComplexKeyHashMap$1::hasNext (13 bytes)
Event: 1.725 Thread 0x0000000014d5d800 nmethod 1615 0x0000000002c6aa10 code [0x0000000002c6ab60, 0x0000000002c6ad10]
Event: 1.725 Thread 0x0000000014d5d800 1612       3       java.beans.MethodRef::isSet (13 bytes)
Event: 1.725 Thread 0x0000000014d5d800 nmethod 1612 0x0000000002c6ad90 code [0x0000000002c6aee0, 0x0000000002c6b090]
Event: 1.725 Thread 0x0000000014d5d800 1613       1       groovy.lang.MetaBeanProperty::getGetter (5 bytes)
Event: 1.726 Thread 0x0000000014d5d800 nmethod 1613 0x0000000002c6b110 code [0x0000000002c6b260, 0x0000000002c6b370]
Event: 1.726 Thread 0x0000000014d5d800 1614       1       groovy.lang.MetaBeanProperty::getField (5 bytes)
Event: 1.726 Thread 0x0000000014d5d800 nmethod 1614 0x0000000002c6b3d0 code [0x0000000002c6b520, 0x0000000002c6b630]

GC Heap History (6 events):
Event: 0.616 GC heap before
{Heap before GC invocations=1 (full 0):
 PSYoungGen      total 38400K, used 33280K [0x00000000eab00000, 0x00000000ed580000, 0x0000000100000000)
  eden space 33280K, 100% used [0x00000000eab00000,0x00000000ecb80000,0x00000000ecb80000)
  from space 5120K, 0% used [0x00000000ed080000,0x00000000ed080000,0x00000000ed580000)
  to   space 5120K, 0% used [0x00000000ecb80000,0x00000000ecb80000,0x00000000ed080000)
 ParOldGen       total 87552K, used 0K [0x00000000c0000000, 0x00000000c5580000, 0x00000000eab00000)
  object space 87552K, 0% used [0x00000000c0000000,0x00000000c0000000,0x00000000c5580000)
 Metaspace       used 6830K, capacity 7088K, committed 7168K, reserved 1056768K
  class space    used 887K, capacity 960K, committed 1024K, reserved 1048576K
Event: 0.620 GC heap after
Heap after GC invocations=1 (full 0):
 PSYoungGen      total 38400K, used 4507K [0x00000000eab00000, 0x00000000ed580000, 0x0000000100000000)
  eden space 33280K, 0% used [0x00000000eab00000,0x00000000eab00000,0x00000000ecb80000)
  from space 5120K, 88% used [0x00000000ecb80000,0x00000000ecfe6c20,0x00000000ed080000)
  to   space 5120K, 0% used [0x00000000ed080000,0x00000000ed080000,0x00000000ed580000)
 ParOldGen       total 87552K, used 16K [0x00000000c0000000, 0x00000000c5580000, 0x00000000eab00000)
  object space 87552K, 0% used [0x00000000c0000000,0x00000000c0004000,0x00000000c5580000)
 Metaspace       used 6830K, capacity 7088K, committed 7168K, reserved 1056768K
  class space    used 887K, capacity 960K, committed 1024K, reserved 1048576K
}
Event: 1.141 GC heap before
{Heap before GC invocations=2 (full 0):
 PSYoungGen      total 38400K, used 37787K [0x00000000eab00000, 0x00000000ed580000, 0x0000000100000000)
  eden space 33280K, 100% used [0x00000000eab00000,0x00000000ecb80000,0x00000000ecb80000)
  from space 5120K, 88% used [0x00000000ecb80000,0x00000000ecfe6c20,0x00000000ed080000)
  to   space 5120K, 0% used [0x00000000ed080000,0x00000000ed080000,0x00000000ed580000)
 ParOldGen       total 87552K, used 16K [0x00000000c0000000, 0x00000000c5580000, 0x00000000eab00000)
  object space 87552K, 0% used [0x00000000c0000000,0x00000000c0004000,0x00000000c5580000)
 Metaspace       used 13329K, capacity 13722K, committed 13952K, reserved 1060864K
  class space    used 1771K, capacity 1911K, committed 1920K, reserved 1048576K
Event: 1.149 GC heap after
Heap after GC invocations=2 (full 0):
 PSYoungGen      total 38400K, used 5119K [0x00000000eab00000, 0x00000000ed580000, 0x0000000100000000)
  eden space 33280K, 0% used [0x00000000eab00000,0x00000000eab00000,0x00000000ecb80000)
  from space 5120K, 99% used [0x00000000ed080000,0x00000000ed57ff18,0x00000000ed580000)
  to   space 5120K, 0% used [0x00000000ecb80000,0x00000000ecb80000,0x00000000ed080000)
 ParOldGen       total 87552K, used 1633K [0x00000000c0000000, 0x00000000c5580000, 0x00000000eab00000)
  object space 87552K, 1% used [0x00000000c0000000,0x00000000c0198430,0x00000000c5580000)
 Metaspace       used 13329K, capacity 13722K, committed 13952K, reserved 1060864K
  class space    used 1771K, capacity 1911K, committed 1920K, reserved 1048576K
}
Event: 1.736 GC heap before
{Heap before GC invocations=3 (full 0):
 PSYoungGen      total 38400K, used 38399K [0x00000000eab00000, 0x00000000ed580000, 0x0000000100000000)
  eden space 33280K, 100% used [0x00000000eab00000,0x00000000ecb80000,0x00000000ecb80000)
  from space 5120K, 99% used [0x00000000ed080000,0x00000000ed57ff18,0x00000000ed580000)
  to   space 5120K, 0% used [0x00000000ecb80000,0x00000000ecb80000,0x00000000ed080000)
 ParOldGen       total 87552K, used 1633K [0x00000000c0000000, 0x00000000c5580000, 0x00000000eab00000)
  object space 87552K, 1% used [0x00000000c0000000,0x00000000c0198430,0x00000000c5580000)
 Metaspace       used 18908K, capacity 19270K, committed 19584K, reserved 1067008K
  class space    used 2486K, capacity 2587K, committed 2688K, reserved 1048576K
Event: 1.748 GC heap after
Heap after GC invocations=3 (full 0):
 PSYoungGen      total 38400K, used 5088K [0x00000000eab00000, 0x00000000ef600000, 0x0000000100000000)
  eden space 33280K, 0% used [0x00000000eab00000,0x00000000eab00000,0x00000000ecb80000)
  from space 5120K, 99% used [0x00000000ecb80000,0x00000000ed078020,0x00000000ed080000)
  to   space 5120K, 0% used [0x00000000ef100000,0x00000000ef100000,0x00000000ef600000)
 ParOldGen       total 87552K, used 5429K [0x00000000c0000000, 0x00000000c5580000, 0x00000000eab00000)
  object space 87552K, 6% used [0x00000000c0000000,0x00000000c054d528,0x00000000c5580000)
 Metaspace       used 18908K, capacity 19270K, committed 19584K, reserved 1067008K
  class space    used 2486K, capacity 2587K, committed 2688K, reserved 1048576K
}

Deoptimization events (10 events):
Event: 1.460 Thread 0x0000000017b2b000 Uncommon trap: reason=unstable_if action=reinterpret pc=0x00000000028a3c10 method=java.lang.AbstractStringBuilder.append(Ljava/lang/String;)Ljava/lang/AbstractStringBuilder; @ 1
Event: 1.567 Thread 0x0000000017b2b000 Uncommon trap: reason=bimorphic action=maybe_recompile pc=0x0000000002aa3570 method=java.lang.ClassLoader.loadClass(Ljava/lang/String;Z)Ljava/lang/Class; @ 38
Event: 1.567 Thread 0x0000000017b2b000 Uncommon trap: reason=bimorphic action=maybe_recompile pc=0x0000000002aa3570 method=java.lang.ClassLoader.loadClass(Ljava/lang/String;Z)Ljava/lang/Class; @ 38
Event: 1.568 Thread 0x0000000017b2b000 Uncommon trap: reason=class_check action=maybe_recompile pc=0x00000000027f605c method=sun.misc.URLClassPath.getLoader(I)Lsun/misc/URLClassPath$Loader; @ 94
Event: 1.568 Thread 0x0000000017b2b000 Uncommon trap: reason=class_check action=maybe_recompile pc=0x00000000028eaeac method=sun.misc.URLClassPath.getResource(Ljava/lang/String;Z)Lsun/misc/Resource; @ 62
Event: 1.570 Thread 0x0000000017b2b000 Uncommon trap: reason=bimorphic action=maybe_recompile pc=0x0000000002aa3570 method=java.lang.ClassLoader.loadClass(Ljava/lang/String;Z)Ljava/lang/Class; @ 38
Event: 1.570 Thread 0x0000000017b2b000 Uncommon trap: reason=bimorphic action=maybe_recompile pc=0x0000000002aa3570 method=java.lang.ClassLoader.loadClass(Ljava/lang/String;Z)Ljava/lang/Class; @ 38
Event: 1.598 Thread 0x0000000017b2b000 Uncommon trap: reason=class_check action=maybe_recompile pc=0x00000000027f61f0 method=sun.misc.URLClassPath.getLoader(I)Lsun/misc/URLClassPath$Loader; @ 193
Event: 1.610 Thread 0x0000000017b2b000 Uncommon trap: reason=class_check action=maybe_recompile pc=0x00000000027f61f0 method=sun.misc.URLClassPath.getLoader(I)Lsun/misc/URLClassPath$Loader; @ 193
Event: 1.624 Thread 0x0000000017b2b000 Uncommon trap: reason=class_check action=maybe_recompile pc=0x00000000027f61f0 method=sun.misc.URLClassPath.getLoader(I)Lsun/misc/URLClassPath$Loader; @ 193

Internal exceptions (10 events):
Event: 1.628 Thread 0x0000000017b2b000 Exception <a 'java/lang/ClassNotFoundException': groovy/lang/Closure$1BeanInfo> (0x00000000ec5b9170) thrown at [C:\re\workspace\8-2-build-windows-amd64-cygwin\jdk8u60\4407\hotspot\src\share\vm\classfile\systemDictionary.cpp, line 210]
Event: 1.629 Thread 0x0000000017b2b000 Exception <a 'java/lang/ClassNotFoundException': groovy/lang/ClosureBeanInfo> (0x00000000ec5cc5b0) thrown at [C:\re\workspace\8-2-build-windows-amd64-cygwin\jdk8u60\4407\hotspot\src\share\vm\classfile\systemDictionary.cpp, line 210]
Event: 1.631 Thread 0x0000000017b2b000 Exception <a 'java/lang/ClassNotFoundException': groovy/lang/ClosureCustomizer> (0x00000000ec5e0158) thrown at [C:\re\workspace\8-2-build-windows-amd64-cygwin\jdk8u60\4407\hotspot\src\share\vm\classfile\systemDictionary.cpp, line 210]
Event: 1.634 Thread 0x0000000017b2b000 Exception <a 'java/lang/ClassNotFoundException': groovy/lang/Closure$1Customizer> (0x00000000ec61cd30) thrown at [C:\re\workspace\8-2-build-windows-amd64-cygwin\jdk8u60\4407\hotspot\src\share\vm\classfile\systemDictionary.cpp, line 210]
Event: 1.711 Thread 0x0000000017b2b000 Exception <a 'java/lang/ClassNotFoundException': org/gradle/invocation/DefaultGradle_DecoratedBeanInfo> (0x00000000eca50f58) thrown at [C:\re\workspace\8-2-build-windows-amd64-cygwin\jdk8u60\4407\hotspot\src\share\vm\classfile\systemDictionary.cpp, line 21â"]Ùžfû?
Event: 1.713 Thread 0x0000000017b2b000 Exception <a 'java/lang/ClassNotFoundException': org/gradle/invocation/DefaultGradleBeanInfo> (0x00000000eca6af08) thrown at [C:\re\workspace\8-2-build-windows-amd64-cygwin\jdk8u60\4407\hotspot\src\share\vm\classfile\systemDictionary.cpp, line 210]
Event: 1.713 Thread 0x0000000017b2b000 Exception <a 'java/lang/ClassNotFoundException': org/gradle/api/internal/project/AbstractPluginAwareBeanInfo> (0x00000000eca8a6c0) thrown at [C:\re\workspace\8-2-build-windows-amd64-cygwin\jdk8u60\4407\hotspot\src\share\vm\classfile\systemDictionary.cpp, lÖµbjû?
Event: 1.713 Thread 0x0000000017b2b000 Exception <a 'java/lang/ClassNotFoundException': org/gradle/api/internal/project/AbstractPluginAwareCustomizer> (0x00000000ecaaa748) thrown at [C:\re\workspace\8-2-build-windows-amd64-cygwin\jdk8u60\4407\hotspot\src\share\vm\classfile\systemDictionary.cpp,
Event: 1.715 Thread 0x0000000017b2b000 Exception <a 'java/lang/ClassNotFoundException': org/gradle/invocation/DefaultGradleCustomizer> (0x00000000ecacb228) thrown at [C:\re\workspace\8-2-build-windows-amd64-cygwin\jdk8u60\4407\hotspot\src\share\vm\classfile\systemDictionary.cpp, line 210]
Event: 1.720 Thread 0x0000000017b2b000 Exception <a 'java/lang/ClassNotFoundException': org/gradle/invocation/DefaultGradle_DecoratedCustomizer> (0x00000000ecb0baf0) thrown at [C:\re\workspace\8-2-build-windows-amd64-cygwin\jdk8u60\4407\hotspot\src\share\vm\classfile\systemDictionary.cpp, line ~Ö-Ñú?

Events (10 events):
Event: 1.731 loading class org/gradle/invocation/DefaultGradle$2
Event: 1.731 loading class org/gradle/invocation/DefaultGradle$2 done
Event: 1.732 loading class org/gradle/logging/internal/ProgressLogEventGenerator$1
Event: 1.732 loading class org/gradle/logging/internal/ProgressLogEventGenerator$1 done
Event: 1.732 loading class org/gradle/initialization/layout/BuildLayoutConfiguration
Event: 1.732 loading class org/gradle/initialization/layout/BuildLayoutConfiguration done
Event: 1.733 loading class org/gradle/groovy/scripts/StringScriptSource
Event: 1.733 loading class org/gradle/groovy/scripts/StringScriptSource done
Event: 1.736 Executing VM operation: ParallelGCFailedAllocation
Event: 1.748 Executing VM operation: ParallelGCFailedAllocation done


Dynamic libraries:
0x00007ff7413e0000 - 0x00007ff741417000 	C:\Program Files\Java\jdk1.8.0_60\bin\java.exe
0x00007ffc4c900000 - 0x00007ffc4cac2000 	C:\Windows\SYSTEM32\ntdll.dll
0x00007ffc4a940000 - 0x00007ffc4a9ed000 	C:\Windows\system32\KERNEL32.DLL
0x00007ffc49df0000 - 0x00007ffc49fcd000 	C:\Windows\system32\KERNELBASE.dll
0x00007ffc4a210000 - 0x00007ffc4a2b6000 	C:\Windows\system32\ADVAPI32.dll
0x00007ffc4c490000 - 0x00007ffc4c52d000 	C:\Windows\system32\msvcrt.dll
0x00007ffc4ac80000 - 0x00007ffc4acdb000 	C:\Windows\system32\sechost.dll
0x00007ffc4c540000 - 0x00007ffc4c666000 	C:\Windows\system32\RPCRT4.dll
0x00007ffc4a2c0000 - 0x00007ffc4a40e000 	C:\Windows\system32\USER32.dll
0x00007ffc49fd0000 - 0x00007ffc4a156000 	C:\Windows\system32\GDI32.dll
0x00007ffc411f0000 - 0x00007ffc41464000 	C:\Windows\WinSxS\amd64_microsoft.windows.common-controls_6595b64144ccf1df_6.0.10240.16384_none_f41f7b285750ef43\COMCTL32.dll
0x00007ffc4a160000 - 0x00007ffc4a196000 	C:\Windows\system32\IMM32.DLL
0x00007ffc4a6b0000 - 0x00007ffc4a80c000 	C:\Windows\system32\MSCTF.dll
0x0000000062430000 - 0x0000000062502000 	C:\Program Files\Java\jdk1.8.0_60\jre\bin\msvcr100.dll
0x0000000064730000 - 0x0000000064fb9000 	C:\Program Files\Java\jdk1.8.0_60\jre\bin\server\jvm.dll
0x00007ffc4c530000 - 0x00007ffc4c538000 	C:\Windows\system32\PSAPI.DLL
0x00007ffc471f0000 - 0x00007ffc471f9000 	C:\Windows\SYSTEM32\WSOCK32.dll
0x00007ffc47980000 - 0x00007ffc479a3000 	C:\Windows\SYSTEM32\WINMM.dll
0x00007ffc46a70000 - 0x00007ffc46a7a000 	C:\Windows\SYSTEM32\VERSION.dll
0x00007ffc4a8d0000 - 0x00007ffc4a939000 	C:\Windows\system32\WS2_32.dll
0x00007ffc4a200000 - 0x00007ffc4a208000 	C:\Windows\system32\NSI.dll
0x00007ffc47950000 - 0x00007ffc4797c000 	C:\Windows\SYSTEM32\WINMMBASE.dll
0x00007ffc496b0000 - 0x00007ffc496f4000 	C:\Windows\system32\cfgmgr32.dll
0x00007ffc47c00000 - 0x00007ffc47c27000 	C:\Windows\SYSTEM32\DEVOBJ.dll
0x0000000066f00000 - 0x0000000066f0f000 	C:\Program Files\Java\jdk1.8.0_60\jre\bin\verify.dll
0x0000000064700000 - 0x0000000064729000 	C:\Program Files\Java\jdk1.8.0_60\jre\bin\java.dll
0x00000000646e0000 - 0x00000000646f6000 	C:\Program Files\Java\jdk1.8.0_60\jre\bin\zip.dll
0x00007ffc4ae30000 - 0x00007ffc4c352000 	C:\Windows\system32\SHELL32.dll
0x00007ffc497c0000 - 0x00007ffc49de8000 	C:\Windows\system32\windows.storage.dll
0x00007ffc4c670000 - 0x00007ffc4c8ec000 	C:\Windows\system32\combase.dll
0x00007ffc4c360000 - 0x00007ffc4c3b1000 	C:\Windows\system32\shlwapi.dll
0x00007ffc49370000 - 0x00007ffc4937f000 	C:\Windows\system32\kernel.appcore.dll
0x00007ffc49700000 - 0x00007ffc497b3000 	C:\Windows\system32\shcore.dll
0x00007ffc49380000 - 0x00007ffc493ca000 	C:\Windows\system32\powrprof.dll
0x00007ffc49330000 - 0x00007ffc49343000 	C:\Windows\system32\profapi.dll
0x00000000646c0000 - 0x00000000646da000 	C:\Program Files\Java\jdk1.8.0_60\jre\bin\net.dll
0x00007ffc48ba0000 - 0x00007ffc48bfd000 	C:\Windows\system32\mswsock.dll
0x00000000646a0000 - 0x00000000646b1000 	C:\Program Files\Java\jdk1.8.0_60\jre\bin\nio.dll
0x00007ffc35b20000 - 0x00007ffc35b32000 	C:\Users\JirayuPC\.gradle\native\19\windows-amd64\native-platform.dll
0x00007ffc47470000 - 0x00007ffc474a8000 	C:\Windows\SYSTEM32\IPHLPAPI.DLL
0x00007ffc47360000 - 0x00007ffc4736b000 	C:\Windows\SYSTEM32\WINNSI.DLL
0x00007ffc44ab0000 - 0x00007ffc44ac6000 	C:\Windows\SYSTEM32\dhcpcsvc6.DLL
0x00007ffc44860000 - 0x00007ffc4487a000 	C:\Windows\SYSTEM32\dhcpcsvc.DLL
0x00007ffc48c00000 - 0x00007ffc48c17000 	C:\Windows\SYSTEM32\CRYPTSP.dll
0x00007ffc49260000 - 0x00007ffc49288000 	C:\Windows\SYSTEM32\bcrypt.dll
0x00007ffc489f0000 - 0x00007ffc48a23000 	C:\Windows\system32\rsaenh.dll
0x00007ffc489d0000 - 0x00007ffc489ef000 	C:\Windows\SYSTEM32\USERENV.dll
0x00007ffc49150000 - 0x00007ffc491bb000 	C:\Windows\system32\bcryptprimitives.dll
0x00007ffc48d70000 - 0x00007ffc48d7b000 	C:\Windows\SYSTEM32\CRYPTBASE.dll

VM Arguments:
jvm_args: -XX:MaxPermSize=256m -XX:+HeapDumpOnOutOfMemoryError -Xmx1024m -Dfile.encoding=windows-1252 -Duser.country=US -Duser.language=en -Duser.variant 
java_command: org.gradle.launcher.daemon.bootstrap.GradleDaemon 2.10
java_class_path (initial): C:\Program Files\Android\Android Studio\gradle\gradle-2.10\lib\gradle-launcher-2.10.jar
Launcher Type: SUN_STANDARD

Environment Variables:
JAVA_HOME=C:\Program Files\Java\jdk1.8.0_60
PATH=C:\ProgramData\Oracle\Java\javapath;C:\Windows\system32;C:\Windows;C:\Windows\System32\Wbem;C:\Windows\System32\WindowsPowerShell\v1.0\;C:\Program Files (x86)\AMD\ATI.ACE\Core-Static;C:\Program Files (x86)\ATI Technologies\ATI.ACE\Core-Static;C:\Program Files\Java\jdk1.8.0_60\bin;C:\Users\JirayuPC\AppData\Local\Android\sdk\platform-tools;C:\Users\JirayuPC\AppData\Local\Android\sdk\tools
USERNAME=JirayuPC
OS=Windows_NT
PROCESSOR_IDENTIFIER=Intel64 Family 6 Model 58 Stepping 9, GenuineIntel



---------------  S Y S T E M  ---------------

OS: Windows 10.0 , 64 bit Build 10240 (10.0.10240.16384)

CPU:total 4 (4 cores per cpu, 1 threads per core) family 6 model 58 stepping 9, cmov, cx8, fxsr, mmx, sse, sse2, sse3, ssse3, sse4.1, sse4.2, popcnt, avx, aes, clmul, erms, tsc, tscinvbit, tscinv

Memory: 4k page, physical 8348360k(1307588k free), swap 12640788k(5124k free)

vm_info: Java HotSpot(TM) 64-Bit Server VM (25.60-b23) for windows-amd64 JRE (1.8.0_60-b27), built on Aug  4 2015 11:06:27 by "java_re" with MS VC++ 10.0 (VS2010)

time: Wed Apr 13 03:16:19 2016
elapsed time: 1 seconds (0d 0h 0m 1s)

