#
# There is insufficient memory for the Java Runtime Environment to continue.
# Native memory allocation (malloc) failed to allocate 906496 bytes for Chunk::new
# Possible reasons:
#   The system is out of physical RAM or swap space
#   In 32 bit mode, the process size limit was hit
# Possible solutions:
#   Reduce memory load on the system
#   Increase physical memory or swap space
#   Check if swap backing store is full
#   Use 64 bit Java on a 64 bit OS
#   Decrease Java heap size (-Xmx/-Xms)
#   Decrease number of Java threads
#   Decrease Java thread stack sizes (-Xss)
#   Set larger code cache with -XX:ReservedCodeCacheSize=
# This output file may be truncated or incomplete.
#
#  Out of Memory Error (allocation.cpp:390), pid=9348, tid=316
#
# JRE version: Java(TM) SE Runtime Environment (8.0_60-b27) (build 1.8.0_60-b27)
# Java VM: Java HotSpot(TM) 64-Bit Server VM (25.60-b23 mixed mode windows-amd64 compressed oops)
# Failed to write core dump. Minidumps are not enabled by default on client versions of Windows
#

---------------  T H R E A D  ---------------

Current thread (0x0000000014930000):  JavaThread "C2 CompilerThread1" daemon [_thread_in_native, id=316, stack(0x0000000016060000,0x0000000016160000)]

Stack: [0x0000000016060000,0x0000000016160000]
[error occurred during error reporting (printing stack bounds), id 0xc0000005]

Native frames: (J=compiled Java code, j=interpreted, Vv=VM code, C=native code)


Current CompileTask:
C2:    899 1372       4       com.android.dx.ssa.SCCP::simulateBranch (666 bytes)


---------------  P R O C E S S  ---------------

Java Threads: ( => current thread )
  0x00000000164cc000 JavaThread "pool-1-thread-4" [_thread_in_Java, id=748, stack(0x0000000016c60000,0x0000000016d60000)]
  0x00000000164cb800 JavaThread "pool-1-thread-3" [_thread_blocked, id=10168, stack(0x0000000016b60000,0x0000000016c60000)]
  0x00000000164c9000 JavaThread "pool-1-thread-2" [_thread_in_vm, id=2988, stack(0x0000000016a60000,0x0000000016b60000)]
  0x00000000164e8000 JavaThread "pool-2-thread-1" [_thread_blocked, id=6612, stack(0x0000000016960000,0x0000000016a60000)]
  0x00000000164c0800 JavaThread "pool-1-thread-1" [_thread_blocked, id=6824, stack(0x0000000016860000,0x0000000016960000)]
  0x000000001628d800 JavaThread "Service Thread" daemon [_thread_blocked, id=6748, stack(0x0000000016660000,0x0000000016760000)]
  0x000000001493a800 JavaThread "C1 CompilerThread2" daemon [_thread_blocked, id=9596, stack(0x0000000016160000,0x0000000016260000)]
=>0x0000000014930000 JavaThread "C2 CompilerThread1" daemon [_thread_in_native, id=316, stack(0x0000000016060000,0x0000000016160000)]
  0x0000000014928000 JavaThread "C2 CompilerThread0" daemon [_thread_in_native, id=540, stack(0x0000000015f60000,0x0000000016060000)]
  0x0000000014926800 JavaThread "Attach Listener" daemon [_thread_blocked, id=9764, stack(0x0000000015e60000,0x0000000015f60000)]
  0x0000000014925800 JavaThread "Signal Dispatcher" daemon [_thread_blocked, id=4216, stack(0x0000000015d60000,0x0000000015e60000)]
  0x0000000002186000 JavaThread "Finalizer" daemon [_thread_blocked, id=1604, stack(0x0000000015b80000,0x0000000015c80000)]
  0x000000000217d000 JavaThread "Reference Handler" daemon [_thread_blocked, id=1108, stack(0x0000000015a80000,0x0000000015b80000)]
  0x000000000225d800 JavaThread "main" [_thread_in_Java, id=9352, stack(0x0000000001f60000,0x0000000002060000)]

Other Threads:
  0x00000000148f8000 VMThread [stack: 0x0000000015980000,0x0000000015a80000] [id=9592]
  0x00000000162aa000 WatcherThread [stack: 0x0000000016760000,0x0000000016860000] [id=9884]

VM state:not at safepoint (normal execution)

VM Mutex/Monitor currently owned by a thread: None

Heap:
 PSYoungGen      total 38400K, used 22952K [0x00000000eab00000, 0x00000000ed580000, 0x0000000100000000)
  eden space 33280K, 53% used [0x00000000eab00000,0x00000000ebc6cf88,0x00000000ecb80000)
  from space 5120K, 99% used [0x00000000ecb80000,0x00000000ed07d1e0,0x00000000ed080000)
  to   space 5120K, 0% used [0x00000000ed080000,0x00000000ed080000,0x00000000ed580000)
 ParOldGen       total 87552K, used 1303K [0x00000000c0000000, 0x00000000c5580000, 0x00000000eab00000)
  object space 87552K, 1% used [0x00000000c0000000,0x00000000c0145ee8,0x00000000c5580000)
 Metaspace       used 6080K, capacity 7024K, committed 7296K, reserved 1056768K
  class space    used 598K, capacity 616K, committed 640K, reserved 1048576K

Card table byte_map: [0x0000000011620000,0x0000000011830000] byte_map_base: 0x0000000011020000

Marking Bits: (ParMarkBitMap*) 0x0000000064f3a5b0
 Begin Bits: [0x0000000011d90000, 0x0000000012d90000)
 End Bits:   [0x0000000012d90000, 0x0000000013d90000)

Polling page: 0x0000000002060000

CodeCache: size=245760Kb used=5891Kb max_used=5891Kb free=239868Kb
 bounds [0x0000000002260000, 0x0000000002830000, 0x0000000011260000]
 total_blobs=1652 nmethods=1383 adapters=182
 compilation: enabled

Compilation events (10 events):
Event: 0.877 Thread 0x000000001493a800 1389       1       java.util.HashMap$Node::getKey (5 bytes)
Event: 0.877 Thread 0x000000001493a800 nmethod 1389 0x00000000027f3a50 code [0x00000000027f3ba0, 0x00000000027f3cb0]
Event: 0.878 Thread 0x000000001493a800 1391       3       com.android.dx.rop.cst.TypedConstant::getBasicType (8 bytes)
Event: 0.878 Thread 0x000000001493a800 nmethod 1391 0x00000000027ff910 code [0x00000000027ffa80, 0x00000000027ffd28]
Event: 0.878 Thread 0x000000001493a800 1390       3       com.android.dx.rop.cst.CstFloat::getType (4 bytes)
Event: 0.878 Thread 0x000000001493a800 nmethod 1390 0x00000000027ffdd0 code [0x00000000027fff20, 0x0000000002800070]
Event: 0.878 Thread 0x000000001493a800 1393   !   3       com.android.dx.cf.code.BytecodeArray::parseInstruction (2764 bytes)
Event: 0.889 Thread 0x000000001493a800 nmethod 1393 0x0000000002800110 code [0x0000000002801860, 0x0000000002812068]
Event: 0.889 Thread 0x000000001493a800 1394       3       com.android.dx.cf.code.Merger::mergeLocals (122 bytes)
Event: 0.890 Thread 0x000000001493a800 nmethod 1394 0x00000000028237d0 code [0x0000000002823a40, 0x0000000002824b48]

GC Heap History (2 events):
Event: 0.658 GC heap before
{Heap before GC invocations=1 (full 0):
 PSYoungGen      total 38400K, used 33280K [0x00000000eab00000, 0x00000000ed580000, 0x0000000100000000)
  eden space 33280K, 100% used [0x00000000eab00000,0x00000000ecb80000,0x00000000ecb80000)
  from space 5120K, 0% used [0x00000000ed080000,0x00000000ed080000,0x00000000ed580000)
  to   space 5120K, 0% used [0x00000000ecb80000,0x00000000ecb80000,0x00000000ed080000)
 ParOldGen       total 87552K, used 0K [0x00000000c0000000, 0x00000000c5580000, 0x00000000eab00000)
  object space 87552K, 0% used [0x00000000c0000000,0x00000000c0000000,0x00000000c5580000)
 Metaspace       used 5979K, capacity 6896K, committed 7040K, reserved 1056768K
  class space    used 598K, capacity 616K, committed 640K, reserved 1048576K
Event: 0.679 GC heap after
Heap after GC invocations=1 (full 0):
 PSYoungGen      total 38400K, used 5108K [0x00000000eab00000, 0x00000000ed580000, 0x0000000100000000)
  eden space 33280K, 0% used [0x00000000eab00000,0x00000000eab00000,0x00000000ecb80000)
  from space 5120K, 99% used [0x00000000ecb80000,0x00000000ed07d1e0,0x00000000ed080000)
  to   space 5120K, 0% used [0x00000000ed080000,0x00000000ed080000,0x00000000ed580000)
 ParOldGen       total 87552K, used 1303K [0x00000000c0000000, 0x00000000c5580000, 0x00000000eab00000)
  object space 87552K, 1% used [0x00000000c0000000,0x00000000c0145ee8,0x00000000c5580000)
 Metaspace       used 5979K, capacity 6896K, committed 7040K, reserved 1056768K
  class space    used 598K, capacity 616K, committed 640K, reserved 1048576K
}

Deoptimization events (10 events):
Event: 0.529 Thread 0x00000000164cb800 Uncommon trap: reason=class_check action=maybe_recompile pc=0x0000000002697cc4 method=java.util.HashMap.putVal(ILjava/lang/Object;Ljava/lang/Object;ZZ)Ljava/lang/Object; @ 203
Event: 0.529 Thread 0x00000000164cb800 Uncommon trap: reason=bimorphic action=maybe_recompile pc=0x00000000024c53fc method=java.util.HashMap.getNode(ILjava/lang/Object;)Ljava/util/HashMap$Node; @ 126
Event: 0.587 Thread 0x00000000164cb800 Uncommon trap: reason=class_check action=maybe_recompile pc=0x0000000002697cc4 method=java.util.HashMap.putVal(ILjava/lang/Object;Ljava/lang/Object;ZZ)Ljava/lang/Object; @ 203
Event: 0.587 Thread 0x00000000164cb800 Uncommon trap: reason=bimorphic action=maybe_recompile pc=0x00000000024c53fc method=java.util.HashMap.getNode(ILjava/lang/Object;)Ljava/util/HashMap$Node; @ 126
Event: 0.587 Thread 0x00000000164cb800 Uncommon trap: reason=class_check action=maybe_recompile pc=0x0000000002697cc4 method=java.util.HashMap.putVal(ILjava/lang/Object;Ljava/lang/Object;ZZ)Ljava/lang/Object; @ 203
Event: 0.587 Thread 0x00000000164cb800 Uncommon trap: reason=bimorphic action=maybe_recompile pc=0x000000000249701c method=java.util.HashMap.getNode(ILjava/lang/Object;)Ljava/util/HashMap$Node; @ 126
Event: 0.587 Thread 0x00000000164cb800 Uncommon trap: reason=unstable_if action=reinterpret pc=0x000000000267f8dc method=com.android.dx.rop.cst.Constant.compareTo(Lcom/android/dx/rop/cst/Constant;)I @ 12
Event: 0.618 Thread 0x00000000164cb800 Uncommon trap: reason=unstable_if action=reinterpret pc=0x000000000258db50 method=com.android.dx.rop.code.RegisterSpec.equals(ILcom/android/dx/rop/type/TypeBearer;Lcom/android/dx/rop/code/LocalItem;)Z @ 42
Event: 0.802 Thread 0x00000000164cc000 Uncommon trap: reason=class_check action=maybe_recompile pc=0x000000000268341c method=java.util.HashMap.putVal(ILjava/lang/Object;Ljava/lang/Object;ZZ)Ljava/lang/Object; @ 203
Event: 0.878 Thread 0x000000000225d800 Uncommon trap: reason=unstable_if action=reinterpret pc=0x000000000279cb98 method=com.android.dx.cf.code.BytecodeArray.parseInstruction(ILcom/android/dx/cf/code/BytecodeArray$Visitor;)I @ 1198

Internal exceptions (2 events):
Event: 0.027 Thread 0x000000000225d800 Exception <a 'java/lang/NoSuchMethodError': Method sun.misc.Unsafe.defineClass(Ljava/lang/String;[BII)Ljava/lang/Class; name or signature does not match> (0x00000000eab0d488) thrown at [C:\re\workspace\8-2-build-windows-amd64-cygwin\jdk8u60\4407\hotspot\srzzuïŠœ?
Event: 0.027 Thread 0x000000000225d800 Exception <a 'java/lang/NoSuchMethodError': Method sun.misc.Unsafe.prefetchRead(Ljava/lang/Object;J)V name or signature does not match> (0x00000000eab0d770) thrown at [C:\re\workspace\8-2-build-windows-amd64-cygwin\jdk8u60\4407\hotspot\src\share\vm\prims\j

Events (10 events):
Event: 0.802 Thread 0x00000000164cc000 Uncommon trap: trap_request=0xffffffde fr.pc=0x000000000268341c
Event: 0.802 Thread 0x00000000164cc000 DEOPT PACKING pc=0x000000000268341c sp=0x0000000016d5e920
Event: 0.802 Thread 0x00000000164cc000 DEOPT UNPACKING pc=0x00000000022a582a sp=0x0000000016d5e8a8 mode 2
Event: 0.870 Thread 0x00000000164c0800 DEOPT PACKING pc=0x000000000252b34c sp=0x000000001695e9b0
Event: 0.870 Thread 0x00000000164c0800 DEOPT UNPACKING pc=0x00000000022a787f sp=0x000000001695e778 mode 0
Event: 0.874 Thread 0x000000000225d800 DEOPT PACKING pc=0x0000000002647eed sp=0x000000000205e350
Event: 0.874 Thread 0x000000000225d800 DEOPT UNPACKING pc=0x00000000022a787f sp=0x000000000205e0e8 mode 0
Event: 0.878 Thread 0x000000000225d800 Uncommon trap: trap_request=0xffffff65 fr.pc=0x000000000279cb98
Event: 0.878 Thread 0x000000000225d800 DEOPT PACKING pc=0x000000000279cb98 sp=0x000000000205e650
Event: 0.878 Thread 0x000000000225d800 DEOPT UNPACKING pc=0x00000000022a582a sp=0x000000000205e5e8 mode 2


Dynamic libraries:
0x00007ff735e90000 - 0x00007ff735ec7000 	C:\Program Files\Java\jdk1.8.0_60\bin\java.exe
0x00007ffc4c900000 - 0x00007ffc4cac2000 	C:\Windows\SYSTEM32\ntdll.dll
0x00007ffc4a940000 - 0x00007ffc4a9ed000 	C:\Windows\system32\KERNEL32.DLL
0x00007ffc49df0000 - 0x00007ffc49fcd000 	C:\Windows\system32\KERNELBASE.dll
0x00007ffc4a210000 - 0x00007ffc4a2b6000 	C:\Windows\system32\ADVAPI32.dll
0x00007ffc4c490000 - 0x00007ffc4c52d000 	C:\Windows\system32\msvcrt.dll
0x00007ffc4ac80000 - 0x00007ffc4acdb000 	C:\Windows\system32\sechost.dll
0x00007ffc4c540000 - 0x00007ffc4c666000 	C:\Windows\system32\RPCRT4.dll
0x00007ffc4a2c0000 - 0x00007ffc4a40e000 	C:\Windows\system32\USER32.dll
0x00007ffc49fd0000 - 0x00007ffc4a156000 	C:\Windows\system32\GDI32.dll
0x00007ffc411f0000 - 0x00007ffc41464000 	C:\Windows\WinSxS\amd64_microsoft.windows.common-controls_6595b64144ccf1df_6.0.10240.16384_none_f41f7b285750ef43\COMCTL32.dll
0x00007ffc4a160000 - 0x00007ffc4a196000 	C:\Windows\system32\IMM32.DLL
0x00007ffc4a6b0000 - 0x00007ffc4a80c000 	C:\Windows\system32\MSCTF.dll
0x00000000642c0000 - 0x0000000064392000 	C:\Program Files\Java\jdk1.8.0_60\jre\bin\msvcr100.dll
0x0000000064730000 - 0x0000000064fb9000 	C:\Program Files\Java\jdk1.8.0_60\jre\bin\server\jvm.dll
0x00007ffc4c530000 - 0x00007ffc4c538000 	C:\Windows\system32\PSAPI.DLL
0x00007ffc46a70000 - 0x00007ffc46a7a000 	C:\Windows\SYSTEM32\VERSION.dll
0x00007ffc47980000 - 0x00007ffc479a3000 	C:\Windows\SYSTEM32\WINMM.dll
0x00007ffc45f50000 - 0x00007ffc45f59000 	C:\Windows\SYSTEM32\WSOCK32.dll
0x00007ffc4a8d0000 - 0x00007ffc4a939000 	C:\Windows\system32\WS2_32.dll
0x00007ffc4a200000 - 0x00007ffc4a208000 	C:\Windows\system32\NSI.dll
0x0000000001f10000 - 0x0000000001f3c000 	C:\Windows\SYSTEM32\WINMMBASE.dll
0x00007ffc496b0000 - 0x00007ffc496f4000 	C:\Windows\system32\cfgmgr32.dll
0x00007ffc47c00000 - 0x00007ffc47c27000 	C:\Windows\SYSTEM32\DEVOBJ.dll
0x0000000066f00000 - 0x0000000066f0f000 	C:\Program Files\Java\jdk1.8.0_60\jre\bin\verify.dll
0x0000000064700000 - 0x0000000064729000 	C:\Program Files\Java\jdk1.8.0_60\jre\bin\java.dll
0x00000000646e0000 - 0x00000000646f6000 	C:\Program Files\Java\jdk1.8.0_60\jre\bin\zip.dll
0x00007ffc4ae30000 - 0x00007ffc4c352000 	C:\Windows\system32\SHELL32.dll
0x00007ffc497c0000 - 0x00007ffc49de8000 	C:\Windows\system32\windows.storage.dll
0x00007ffc4c670000 - 0x00007ffc4c8ec000 	C:\Windows\system32\combase.dll
0x00007ffc4c360000 - 0x00007ffc4c3b1000 	C:\Windows\system32\shlwapi.dll
0x00007ffc49370000 - 0x00007ffc4937f000 	C:\Windows\system32\kernel.appcore.dll
0x00007ffc49700000 - 0x00007ffc497b3000 	C:\Windows\system32\shcore.dll
0x00007ffc49380000 - 0x00007ffc493ca000 	C:\Windows\system32\powrprof.dll
0x00007ffc49330000 - 0x00007ffc49343000 	C:\Windows\system32\profapi.dll

VM Arguments:
jvm_args: -Djava.awt.headless=true -Xmx1024M -Dfile.encoding=windows-1252 -Duser.country=US -Duser.language=en -Duser.variant 
java_command: com.android.dx.command.Main --dex --num-threads=4 --output C:\Users\JirayuPC\AndroidStudioProjects\ManageCalories\app\build\intermediates\pre-dexed\debug\com.android.support-recyclerview-v7-23.1.1_0061042a8c19c9675f6104d7fc4928650a550591.jar C:\Users\JirayuPC\AndroidStudioProjects\ManageCalories\app\build\intermediates\exploded-aar\com.android.support\recyclerview-v7\23.1.1\jars\classes.jar
java_class_path (initial): C:\Users\JirayuPC\AppData\Local\Android\sdk\build-tools\23.0.2\lib\dx.jar
Launcher Type: SUN_STANDARD

Environment Variables:
JAVA_HOME=C:\Program Files\Java\jdk1.8.0_60
PATH=C:\ProgramData\Oracle\Java\javapath;C:\Windows\system32;C:\Windows;C:\Windows\System32\Wbem;C:\Windows\System32\WindowsPowerShell\v1.0\;C:\Program Files (x86)\AMD\ATI.ACE\Core-Static;C:\Program Files (x86)\ATI Technologies\ATI.ACE\Core-Static;C:\Program Files\Java\jdk1.8.0_60\bin;C:\Users\JirayuPC\AppData\Local\Android\sdk\platform-tools;C:\Users\JirayuPC\AppData\Local\Android\sdk\tools
USERNAME=JirayuPC
OS=Windows_NT
PROCESSOR_IDENTIFIER=Intel64 Family 6 Model 58 Stepping 9, GenuineIntel



---------------  S Y S T E M  ---------------

OS: Windows 10.0 , 64 bit Build 10240 (10.0.10240.16384)

CPU:total 4 (4 cores per cpu, 1 threads per core) family 6 model 58 stepping 9, cmov, cx8, fxsr, mmx, sse, sse2, sse3, ssse3, sse4.1, sse4.2, popcnt, avx, aes, clmul, erms, tsc, tscinvbit, tscinv

Memory: 4k page, physical 8348360k(897412k free), swap 12777380k(5196k free)

vm_info: Java HotSpot(TM) 64-Bit Server VM (25.60-b23) for windows-amd64 JRE (1.8.0_60-b27), built on Aug  4 2015 11:06:27 by "java_re" with MS VC++ 10.0 (VS2010)

time: Sat Apr 09 01:23:23 2016
elapsed time: 0 seconds (0d 0h 0m 0s)

