#
# There is insufficient memory for the Java Runtime Environment to continue.
# Native memory allocation (malloc) failed to allocate 32744 bytes for ChunkPool::allocate
# Possible reasons:
#   The system is out of physical RAM or swap space
#   In 32 bit mode, the process size limit was hit
# Possible solutions:
#   Reduce memory load on the system
#   Increase physical memory or swap space
#   Check if swap backing store is full
#   Use 64 bit Java on a 64 bit OS
#   Decrease Java heap size (-Xmx/-Xms)
#   Decrease number of Java threads
#   Decrease Java thread stack sizes (-Xss)
#   Set larger code cache with -XX:ReservedCodeCacheSize=
# This output file may be truncated or incomplete.
#
#  Out of Memory Error (allocation.cpp:273), pid=9980, tid=4140
#
# JRE version: Java(TM) SE Runtime Environment (8.0_60-b27) (build 1.8.0_60-b27)
# Java VM: Java HotSpot(TM) 64-Bit Server VM (25.60-b23 mixed mode windows-amd64 compressed oops)
# Failed to write core dump. Minidumps are not enabled by default on client versions of Windows
#

---------------  T H R E A D  ---------------

Current thread (0x000000001482a800):  JavaThread "C2 CompilerThread0" daemon [_thread_in_native, id=4140, stack(0x0000000015e70000,0x0000000015f70000)]

Stack: [0x0000000015e70000,0x0000000015f70000]
[error occurred during error reporting (printing stack bounds), id 0xc0000005]

Native frames: (J=compiled Java code, j=interpreted, Vv=VM code, C=native code)


Current CompileTask:
C2:    948  243       4       java.lang.String::lastIndexOf (52 bytes)


---------------  P R O C E S S  ---------------

Java Threads: ( => current thread )
  0x00000000163e1000 JavaThread "pool-1-thread-4" [_thread_new, id=10116, stack(0x0000000000000000,0x0000000000000000)]
  0x00000000163df800 JavaThread "pool-1-thread-3" [_thread_new, id=4604, stack(0x0000000000000000,0x0000000000000000)]
  0x00000000163df000 JavaThread "pool-1-thread-2" [_thread_new, id=9436, stack(0x0000000000000000,0x0000000000000000)]
  0x00000000163db000 JavaThread "pool-2-thread-1" [_thread_new, id=9996, stack(0x0000000000000000,0x0000000000000000)]
  0x00000000163d8800 JavaThread "pool-1-thread-1" [_thread_new, id=9440, stack(0x0000000000000000,0x0000000000000000)]
  0x00000000161ad800 JavaThread "Service Thread" daemon [_thread_blocked, id=364, stack(0x0000000016570000,0x0000000016670000)]
  0x0000000014833000 JavaThread "C1 CompilerThread2" daemon [_thread_in_native, id=7220, stack(0x0000000016070000,0x0000000016170000)]
  0x0000000014830000 JavaThread "C2 CompilerThread1" daemon [_thread_blocked, id=8144, stack(0x0000000015f70000,0x0000000016070000)]
=>0x000000001482a800 JavaThread "C2 CompilerThread0" daemon [_thread_in_native, id=4140, stack(0x0000000015e70000,0x0000000015f70000)]
  0x0000000014829000 JavaThread "Attach Listener" daemon [_thread_blocked, id=6280, stack(0x0000000015d70000,0x0000000015e70000)]
  0x0000000014828000 JavaThread "Signal Dispatcher" daemon [_thread_blocked, id=9196, stack(0x0000000015c70000,0x0000000015d70000)]
  0x0000000002151000 JavaThread "Finalizer" daemon [_thread_blocked, id=3528, stack(0x0000000015a90000,0x0000000015b90000)]
  0x00000000147f8800 JavaThread "Reference Handler" daemon [_thread_blocked, id=9248, stack(0x0000000015990000,0x0000000015a90000)]
  0x00000000006fd800 JavaThread "main" [_thread_in_Java, id=9388, stack(0x0000000001f60000,0x0000000002060000)]

Other Threads:
  0x00000000147f7000 VMThread [stack: 0x0000000015890000,0x0000000015990000] [id=7876]
  0x00000000161b1800 WatcherThread [stack: 0x0000000016670000,0x0000000016770000] [id=9752]

VM state:not at safepoint (normal execution)

VM Mutex/Monitor currently owned by a thread: None

Heap:
 PSYoungGen      total 38400K, used 17983K [0x00000000eab00000, 0x00000000ed580000, 0x0000000100000000)
  eden space 33280K, 54% used [0x00000000eab00000,0x00000000ebc8fc10,0x00000000ecb80000)
  from space 5120K, 0% used [0x00000000ed080000,0x00000000ed080000,0x00000000ed580000)
  to   space 5120K, 0% used [0x00000000ecb80000,0x00000000ecb80000,0x00000000ed080000)
 ParOldGen       total 87552K, used 0K [0x00000000c0000000, 0x00000000c5580000, 0x00000000eab00000)
  object space 87552K, 0% used [0x00000000c0000000,0x00000000c0000000,0x00000000c5580000)
 Metaspace       used 3944K, capacity 5104K, committed 5376K, reserved 1056768K
  class space    used 442K, capacity 488K, committed 512K, reserved 1048576K

Card table byte_map: [0x0000000011520000,0x0000000011730000] byte_map_base: 0x0000000010f20000

Marking Bits: (ParMarkBitMap*) 0x0000000064f3a5b0
 Begin Bits: [0x0000000011c90000, 0x0000000012c90000)
 End Bits:   [0x0000000012c90000, 0x0000000013c90000)

Polling page: 0x0000000000780000

CodeCache: size=245760Kb used=1656Kb max_used=1656Kb free=244103Kb
 bounds [0x0000000002160000, 0x00000000023d0000, 0x0000000011160000]
 total_blobs=500 nmethods=242 adapters=171
 compilation: enabled

Compilation events (10 events):
Event: 0.943 Thread 0x0000000014833000  235       3       com.android.dx.rop.cst.CstString::utf8BytesToString (391 bytes)
Event: 0.943 Thread 0x0000000014833000 nmethod 235 0x00000000022edf90 code [0x00000000022ee240, 0x00000000022ef3b8]
Event: 0.943 Thread 0x0000000014833000  236       3       com.android.dx.rop.cst.Constant::<init> (5 bytes)
Event: 0.943 Thread 0x0000000014833000 nmethod 236 0x00000000022efe50 code [0x00000000022effa0, 0x00000000022f0150]
Event: 0.943 Thread 0x0000000014833000  237       1       com.android.dx.rop.cst.CstString::getString (5 bytes)
Event: 0.943 Thread 0x0000000014833000 nmethod 237 0x00000000022f0210 code [0x00000000022f0360, 0x00000000022f0470]
Event: 0.944 Thread 0x0000000014833000  239   !   3       com.android.dx.cf.cst.ConstantPoolParser::parse0 (731 bytes)
Event: 0.944 Thread 0x0000000014830000  240       4       com.android.dx.util.ByteArray::checkOffsets (66 bytes)
Event: 0.945 Thread 0x0000000014830000 nmethod 240 0x00000000022f3550 code [0x00000000022f3680, 0x00000000022f3738]
Event: 0.946 Thread 0x000000001482a800  243       4       java.lang.String::lastIndexOf (52 bytes)

GC Heap History (0 events):
No events

Deoptimization events (1 events):
Event: 0.741 Thread 0x00000000006fd800 Uncommon trap: reason=unstable_if action=reinterpret pc=0x00000000022b53d4 method=java.lang.String.compareTo(Ljava/lang/String;)I @ 38

Internal exceptions (2 events):
Event: 0.124 Thread 0x00000000006fd800 Exception <a 'java/lang/NoSuchMethodError': Method sun.misc.Unsafe.defineClass(Ljava/lang/String;[BII)Ljava/lang/Class; name or signature does not match> (0x00000000eab0d470) thrown at [C:\re\workspace\8-2-build-windows-amd64-cygwin\jdk8u60\4407\hotspot\sr«Ì_Ö¿?
Event: 0.124 Thread 0x00000000006fd800 Exception <a 'java/lang/NoSuchMethodError': Method sun.misc.Unsafe.prefetchRead(Ljava/lang/Object;J)V name or signature does not match> (0x00000000eab0d758) thrown at [C:\re\workspace\8-2-build-windows-amd64-cygwin\jdk8u60\4407\hotspot\src\share\vm\prims\j

Events (10 events):
Event: 0.940 loading class com/android/dx/cf/attrib/InnerClassList done
Event: 0.941 loading class com/android/dx/cf/attrib/InnerClassList$Item
Event: 0.941 loading class com/android/dx/cf/attrib/InnerClassList$Item done
Event: 0.941 loading class com/android/dx/cf/attrib/AttInnerClasses
Event: 0.941 loading class com/android/dx/cf/attrib/AttInnerClasses done
Event: 0.942 Thread 0x00000000163df000 Thread added: 0x00000000163df000
Event: 0.943 Thread 0x00000000163df800 Thread added: 0x00000000163df800
Event: 0.945 Thread 0x00000000163e1000 Thread added: 0x00000000163e1000
Event: 0.946 loading class com/android/dx/cf/direct/DirectClassFile$DcfTypeList
Event: 0.946 loading class com/android/dx/cf/direct/DirectClassFile$DcfTypeList done


Dynamic libraries:
0x00007ff735e90000 - 0x00007ff735ec7000 	C:\Program Files\Java\jdk1.8.0_60\bin\java.exe
0x00007ffc4c900000 - 0x00007ffc4cac2000 	C:\Windows\SYSTEM32\ntdll.dll
0x00007ffc4a940000 - 0x00007ffc4a9ed000 	C:\Windows\system32\KERNEL32.DLL
0x00007ffc49df0000 - 0x00007ffc49fcd000 	C:\Windows\system32\KERNELBASE.dll
0x00007ffc4a210000 - 0x00007ffc4a2b6000 	C:\Windows\system32\ADVAPI32.dll
0x00007ffc4c490000 - 0x00007ffc4c52d000 	C:\Windows\system32\msvcrt.dll
0x00007ffc4ac80000 - 0x00007ffc4acdb000 	C:\Windows\system32\sechost.dll
0x00007ffc4c540000 - 0x00007ffc4c666000 	C:\Windows\system32\RPCRT4.dll
0x00007ffc4a2c0000 - 0x00007ffc4a40e000 	C:\Windows\system32\USER32.dll
0x00007ffc49fd0000 - 0x00007ffc4a156000 	C:\Windows\system32\GDI32.dll
0x00007ffc411f0000 - 0x00007ffc41464000 	C:\Windows\WinSxS\amd64_microsoft.windows.common-controls_6595b64144ccf1df_6.0.10240.16384_none_f41f7b285750ef43\COMCTL32.dll
0x00007ffc4a160000 - 0x00007ffc4a196000 	C:\Windows\system32\IMM32.DLL
0x00007ffc4a6b0000 - 0x00007ffc4a80c000 	C:\Windows\system32\MSCTF.dll
0x00000000642c0000 - 0x0000000064392000 	C:\Program Files\Java\jdk1.8.0_60\jre\bin\msvcr100.dll
0x0000000064730000 - 0x0000000064fb9000 	C:\Program Files\Java\jdk1.8.0_60\jre\bin\server\jvm.dll
0x00007ffc4c530000 - 0x00007ffc4c538000 	C:\Windows\system32\PSAPI.DLL
0x00007ffc45f50000 - 0x00007ffc45f59000 	C:\Windows\SYSTEM32\WSOCK32.dll
0x00007ffc4a8d0000 - 0x00007ffc4a939000 	C:\Windows\system32\WS2_32.dll
0x00007ffc4a200000 - 0x00007ffc4a208000 	C:\Windows\system32\NSI.dll
0x00007ffc47980000 - 0x00007ffc479a3000 	C:\Windows\SYSTEM32\WINMM.dll
0x00007ffc46a70000 - 0x00007ffc46a7a000 	C:\Windows\SYSTEM32\VERSION.dll
0x00007ffc47950000 - 0x00007ffc4797c000 	C:\Windows\SYSTEM32\WINMMBASE.dll
0x00007ffc496b0000 - 0x00007ffc496f4000 	C:\Windows\system32\cfgmgr32.dll
0x00007ffc47c00000 - 0x00007ffc47c27000 	C:\Windows\SYSTEM32\DEVOBJ.dll
0x0000000066f00000 - 0x0000000066f0f000 	C:\Program Files\Java\jdk1.8.0_60\jre\bin\verify.dll
0x0000000064700000 - 0x0000000064729000 	C:\Program Files\Java\jdk1.8.0_60\jre\bin\java.dll
0x00000000646e0000 - 0x00000000646f6000 	C:\Program Files\Java\jdk1.8.0_60\jre\bin\zip.dll
0x00007ffc4ae30000 - 0x00007ffc4c352000 	C:\Windows\system32\SHELL32.dll
0x00007ffc497c0000 - 0x00007ffc49de8000 	C:\Windows\system32\windows.storage.dll
0x00007ffc4c670000 - 0x00007ffc4c8ec000 	C:\Windows\system32\combase.dll
0x00007ffc4c360000 - 0x00007ffc4c3b1000 	C:\Windows\system32\shlwapi.dll
0x00007ffc49370000 - 0x00007ffc4937f000 	C:\Windows\system32\kernel.appcore.dll
0x00007ffc49700000 - 0x00007ffc497b3000 	C:\Windows\system32\shcore.dll
0x00007ffc49380000 - 0x00007ffc493ca000 	C:\Windows\system32\powrprof.dll
0x00007ffc49330000 - 0x00007ffc49343000 	C:\Windows\system32\profapi.dll

VM Arguments:
jvm_args: -Djava.awt.headless=true -Xmx1024M -Dfile.encoding=windows-1252 -Duser.country=US -Duser.language=en -Duser.variant 
java_command: com.android.dx.command.Main --dex --num-threads=4 --output C:\Users\JirayuPC\AndroidStudioProjects\ManageCalories\app\build\intermediates\pre-dexed\debug\com.android.support-support-v4-23.2.0_f761dcbf45c7eab70e49d9cfba87b39318f29da2.jar C:\Users\JirayuPC\AndroidStudioProjects\ManageCalories\app\build\intermediates\exploded-aar\com.android.support\support-v4\23.2.0\jars\classes.jar
java_class_path (initial): C:\Users\JirayuPC\AppData\Local\Android\sdk\build-tools\23.0.2\lib\dx.jar
Launcher Type: SUN_STANDARD

Environment Variables:
JAVA_HOME=C:\Program Files\Java\jdk1.8.0_60
PATH=C:\ProgramData\Oracle\Java\javapath;C:\Windows\system32;C:\Windows;C:\Windows\System32\Wbem;C:\Windows\System32\WindowsPowerShell\v1.0\;C:\Program Files (x86)\AMD\ATI.ACE\Core-Static;C:\Program Files (x86)\ATI Technologies\ATI.ACE\Core-Static;C:\Program Files\Java\jdk1.8.0_60\bin;C:\Users\JirayuPC\AppData\Local\Android\sdk\platform-tools;C:\Users\JirayuPC\AppData\Local\Android\sdk\tools
USERNAME=JirayuPC
OS=Windows_NT
PROCESSOR_IDENTIFIER=Intel64 Family 6 Model 58 Stepping 9, GenuineIntel



---------------  S Y S T E M  ---------------

OS: Windows 10.0 , 64 bit Build 10240 (10.0.10240.16384)

CPU:total 4 (4 cores per cpu, 1 threads per core) family 6 model 58 stepping 9, cmov, cx8, fxsr, mmx, sse, sse2, sse3, ssse3, sse4.1, sse4.2, popcnt, avx, aes, clmul, erms, tsc, tscinvbit, tscinv

Memory: 4k page, physical 8348360k(916772k free), swap 12777380k(4520k free)

vm_info: Java HotSpot(TM) 64-Bit Server VM (25.60-b23) for windows-amd64 JRE (1.8.0_60-b27), built on Aug  4 2015 11:06:27 by "java_re" with MS VC++ 10.0 (VS2010)

time: Sat Apr 09 01:23:24 2016
elapsed time: 0 seconds (0d 0h 0m 0s)

